<?xml version="1.0" encoding="UTF-8"?>
<!-- Generated by org.testng.reporters.JUnitReportReporter -->
<testsuite hostname="FEUJI-V005D" failures="0" tests="3" name="com.nopcommerce.test.NopcommerceTest" time="8.886" errors="0" timestamp="2024-01-23T09:53:33 IST" skipped="1">
  <testcase classname="com.nopcommerce.test.NopcommerceTest" name="registrationTest" time="4.593">
    <skipped/>
  </testcase> <!-- registrationTest -->
  <system-out/>
  <testcase classname="com.nopcommerce.test.NopcommerceTest" name="loginTest" time="2.080"/>
  <system-out/>
  <testcase classname="com.nopcommerce.test.NopcommerceTest" name="menuBarTest" time="2.213"/>
  <system-out/>
</testsuite> <!-- com.nopcommerce.test.NopcommerceTest -->
